CRITICAL - 2022-04-14 03:32:13 --> Undefined property: App\Controllers\UserController::$load
#0 /var/www/html/app/Controllers/UserController.php(12): CodeIgniter\Debug\Exceptions->errorHandler()
#1 /var/www/html/vendor/codeigniter4/framework/system/CodeIgniter.php(832): App\Controllers\UserController->index()
#2 /var/www/html/vendor/codeigniter4/framework/system/CodeIgniter.php(419): CodeIgniter\CodeIgniter->runController()
#3 /var/www/html/vendor/codeigniter4/framework/system/CodeIgniter.php(326): CodeIgniter\CodeIgniter->handleRequest()
#4 /var/www/html/public/index.php(37): CodeIgniter\CodeIgniter->run()
#5 {main}
CRITICAL - 2022-04-14 04:17:53 --> Undefined property: App\Controllers\UserController::$layersOrder
#0 /var/www/html/app/Controllers/UserController.php(25): CodeIgniter\Debug\Exceptions->errorHandler()
#1 /var/www/html/vendor/codeigniter4/framework/system/CodeIgniter.php(832): App\Controllers\UserController->index()
#2 /var/www/html/vendor/codeigniter4/framework/system/CodeIgniter.php(419): CodeIgniter\CodeIgniter->runController()
#3 /var/www/html/vendor/codeigniter4/framework/system/CodeIgniter.php(326): CodeIgniter\CodeIgniter->handleRequest()
#4 /var/www/html/public/index.php(37): CodeIgniter\CodeIgniter->run()
#5 {main}
CRITICAL - 2022-04-14 04:18:49 --> print_r() expects at least 1 argument, 0 given
#0 /var/www/html/app/Controllers/UserController.php(12): print_r()
#1 /var/www/html/vendor/codeigniter4/framework/system/CodeIgniter.php(832): App\Controllers\UserController->index()
#2 /var/www/html/vendor/codeigniter4/framework/system/CodeIgniter.php(419): CodeIgniter\CodeIgniter->runController()
#3 /var/www/html/vendor/codeigniter4/framework/system/CodeIgniter.php(326): CodeIgniter\CodeIgniter->handleRequest()
#4 /var/www/html/public/index.php(37): CodeIgniter\CodeIgniter->run()
#5 {main}
CRITICAL - 2022-04-14 04:51:42 --> Array to string conversion
#0 /var/www/html/app/Libraries/TarotCard.php(26): CodeIgniter\Debug\Exceptions->errorHandler()
#1 /var/www/html/app/Controllers/UserController.php(11): App\Libraries\TarotCard->__construct()
#2 /var/www/html/vendor/codeigniter4/framework/system/CodeIgniter.php(832): App\Controllers\UserController->index()
#3 /var/www/html/vendor/codeigniter4/framework/system/CodeIgniter.php(419): CodeIgniter\CodeIgniter->runController()
#4 /var/www/html/vendor/codeigniter4/framework/system/CodeIgniter.php(326): CodeIgniter\CodeIgniter->handleRequest()
#5 /var/www/html/public/index.php(37): CodeIgniter\CodeIgniter->run()
#6 {main}
CRITICAL - 2022-04-14 04:52:54 --> Undefined constant "App\Libraries\key"
#0 /var/www/html/app/Controllers/UserController.php(11): App\Libraries\TarotCard->__construct()
#1 /var/www/html/vendor/codeigniter4/framework/system/CodeIgniter.php(832): App\Controllers\UserController->index()
#2 /var/www/html/vendor/codeigniter4/framework/system/CodeIgniter.php(419): CodeIgniter\CodeIgniter->runController()
#3 /var/www/html/vendor/codeigniter4/framework/system/CodeIgniter.php(326): CodeIgniter\CodeIgniter->handleRequest()
#4 /var/www/html/public/index.php(37): CodeIgniter\CodeIgniter->run()
#5 {main}
CRITICAL - 2022-04-14 04:54:06 --> key() expects exactly 1 argument, 0 given
#0 /var/www/html/app/Libraries/TarotCard.php(26): key()
#1 /var/www/html/app/Controllers/UserController.php(11): App\Libraries\TarotCard->__construct()
#2 /var/www/html/vendor/codeigniter4/framework/system/CodeIgniter.php(832): App\Controllers\UserController->index()
#3 /var/www/html/vendor/codeigniter4/framework/system/CodeIgniter.php(419): CodeIgniter\CodeIgniter->runController()
#4 /var/www/html/vendor/codeigniter4/framework/system/CodeIgniter.php(326): CodeIgniter\CodeIgniter->handleRequest()
#5 /var/www/html/public/index.php(37): CodeIgniter\CodeIgniter->run()
#6 {main}
CRITICAL - 2022-04-14 04:55:44 --> key() expects exactly 1 argument, 0 given
#0 /var/www/html/app/Libraries/TarotCard.php(26): key()
#1 /var/www/html/app/Controllers/UserController.php(11): App\Libraries\TarotCard->__construct()
#2 /var/www/html/vendor/codeigniter4/framework/system/CodeIgniter.php(832): App\Controllers\UserController->index()
#3 /var/www/html/vendor/codeigniter4/framework/system/CodeIgniter.php(419): CodeIgniter\CodeIgniter->runController()
#4 /var/www/html/vendor/codeigniter4/framework/system/CodeIgniter.php(326): CodeIgniter\CodeIgniter->handleRequest()
#5 /var/www/html/public/index.php(37): CodeIgniter\CodeIgniter->run()
#6 {main}
CRITICAL - 2022-04-14 04:57:22 --> Undefined property: App\Libraries\TarotCard::$config
#0 /var/www/html/app/Libraries/TarotCard.php(26): CodeIgniter\Debug\Exceptions->errorHandler()
#1 /var/www/html/app/Controllers/UserController.php(11): App\Libraries\TarotCard->__construct()
#2 /var/www/html/vendor/codeigniter4/framework/system/CodeIgniter.php(832): App\Controllers\UserController->index()
#3 /var/www/html/vendor/codeigniter4/framework/system/CodeIgniter.php(419): CodeIgniter\CodeIgniter->runController()
#4 /var/www/html/vendor/codeigniter4/framework/system/CodeIgniter.php(326): CodeIgniter\CodeIgniter->handleRequest()
#5 /var/www/html/public/index.php(37): CodeIgniter\CodeIgniter->run()
#6 {main}
CRITICAL - 2022-04-14 04:57:42 --> Constant expression contains invalid operations
#0 [internal function]: CodeIgniter\Debug\Exceptions->shutdownHandler()
#1 {main}
CRITICAL - 2022-04-14 05:11:51 --> Undefined variable $Background
#0 /var/www/html/app/Libraries/TarotCard.php(29): CodeIgniter\Debug\Exceptions->errorHandler()
#1 /var/www/html/app/Controllers/UserController.php(11): App\Libraries\TarotCard->__construct()
#2 /var/www/html/vendor/codeigniter4/framework/system/CodeIgniter.php(832): App\Controllers\UserController->index()
#3 /var/www/html/vendor/codeigniter4/framework/system/CodeIgniter.php(419): CodeIgniter\CodeIgniter->runController()
#4 /var/www/html/vendor/codeigniter4/framework/system/CodeIgniter.php(326): CodeIgniter\CodeIgniter->handleRequest()
#5 /var/www/html/public/index.php(37): CodeIgniter\CodeIgniter->run()
#6 {main}
CRITICAL - 2022-04-14 05:31:56 --> Undefined array key 0
#0 /var/www/html/app/Libraries/TarotCard.php(31): CodeIgniter\Debug\Exceptions->errorHandler()
#1 /var/www/html/app/Controllers/UserController.php(11): App\Libraries\TarotCard->__construct()
#2 /var/www/html/vendor/codeigniter4/framework/system/CodeIgniter.php(832): App\Controllers\UserController->index()
#3 /var/www/html/vendor/codeigniter4/framework/system/CodeIgniter.php(419): CodeIgniter\CodeIgniter->runController()
#4 /var/www/html/vendor/codeigniter4/framework/system/CodeIgniter.php(326): CodeIgniter\CodeIgniter->handleRequest()
#5 /var/www/html/public/index.php(37): CodeIgniter\CodeIgniter->run()
#6 {main}
CRITICAL - 2022-04-14 05:32:31 --> Undefined array key 0
#0 /var/www/html/app/Libraries/TarotCard.php(31): CodeIgniter\Debug\Exceptions->errorHandler()
#1 /var/www/html/app/Controllers/UserController.php(11): App\Libraries\TarotCard->__construct()
#2 /var/www/html/vendor/codeigniter4/framework/system/CodeIgniter.php(832): App\Controllers\UserController->index()
#3 /var/www/html/vendor/codeigniter4/framework/system/CodeIgniter.php(419): CodeIgniter\CodeIgniter->runController()
#4 /var/www/html/vendor/codeigniter4/framework/system/CodeIgniter.php(326): CodeIgniter\CodeIgniter->handleRequest()
#5 /var/www/html/public/index.php(37): CodeIgniter\CodeIgniter->run()
#6 {main}
CRITICAL - 2022-04-14 05:33:29 --> Undefined array key 0
#0 /var/www/html/app/Libraries/TarotCard.php(31): CodeIgniter\Debug\Exceptions->errorHandler()
#1 /var/www/html/app/Controllers/UserController.php(11): App\Libraries\TarotCard->__construct()
#2 /var/www/html/vendor/codeigniter4/framework/system/CodeIgniter.php(832): App\Controllers\UserController->index()
#3 /var/www/html/vendor/codeigniter4/framework/system/CodeIgniter.php(419): CodeIgniter\CodeIgniter->runController()
#4 /var/www/html/vendor/codeigniter4/framework/system/CodeIgniter.php(326): CodeIgniter\CodeIgniter->handleRequest()
#5 /var/www/html/public/index.php(37): CodeIgniter\CodeIgniter->run()
#6 {main}
CRITICAL - 2022-04-14 05:33:45 --> Undefined array key "hasSublayers"
#0 /var/www/html/app/Libraries/TarotCard.php(31): CodeIgniter\Debug\Exceptions->errorHandler()
#1 /var/www/html/app/Controllers/UserController.php(11): App\Libraries\TarotCard->__construct()
#2 /var/www/html/vendor/codeigniter4/framework/system/CodeIgniter.php(832): App\Controllers\UserController->index()
#3 /var/www/html/vendor/codeigniter4/framework/system/CodeIgniter.php(419): CodeIgniter\CodeIgniter->runController()
#4 /var/www/html/vendor/codeigniter4/framework/system/CodeIgniter.php(326): CodeIgniter\CodeIgniter->handleRequest()
#5 /var/www/html/public/index.php(37): CodeIgniter\CodeIgniter->run()
#6 {main}
CRITICAL - 2022-04-14 05:34:12 --> Undefined array key "hasSublayers"
#0 /var/www/html/app/Libraries/TarotCard.php(32): CodeIgniter\Debug\Exceptions->errorHandler()
#1 /var/www/html/app/Controllers/UserController.php(11): App\Libraries\TarotCard->__construct()
#2 /var/www/html/vendor/codeigniter4/framework/system/CodeIgniter.php(832): App\Controllers\UserController->index()
#3 /var/www/html/vendor/codeigniter4/framework/system/CodeIgniter.php(419): CodeIgniter\CodeIgniter->runController()
#4 /var/www/html/vendor/codeigniter4/framework/system/CodeIgniter.php(326): CodeIgniter\CodeIgniter->handleRequest()
#5 /var/www/html/public/index.php(37): CodeIgniter\CodeIgniter->run()
#6 {main}
CRITICAL - 2022-04-14 05:34:39 --> syntax error, unexpected token "if"
#0 /var/www/html/vendor/codeigniter4/framework/system/Autoloader/Autoloader.php(241): CodeIgniter\Autoloader\Autoloader->includeFile()
#1 /var/www/html/vendor/codeigniter4/framework/system/Autoloader/Autoloader.php(219): CodeIgniter\Autoloader\Autoloader->loadInNamespace()
#2 /var/www/html/app/Controllers/UserController.php(11): CodeIgniter\Autoloader\Autoloader->loadClass()
#3 /var/www/html/vendor/codeigniter4/framework/system/CodeIgniter.php(832): App\Controllers\UserController->index()
#4 /var/www/html/vendor/codeigniter4/framework/system/CodeIgniter.php(419): CodeIgniter\CodeIgniter->runController()
#5 /var/www/html/vendor/codeigniter4/framework/system/CodeIgniter.php(326): CodeIgniter\CodeIgniter->handleRequest()
#6 /var/www/html/public/index.php(37): CodeIgniter\CodeIgniter->run()
#7 {main}
CRITICAL - 2022-04-14 05:34:56 --> Undefined array key 0
#0 /var/www/html/app/Libraries/TarotCard.php(35): CodeIgniter\Debug\Exceptions->errorHandler()
#1 /var/www/html/app/Controllers/UserController.php(11): App\Libraries\TarotCard->__construct()
#2 /var/www/html/vendor/codeigniter4/framework/system/CodeIgniter.php(832): App\Controllers\UserController->index()
#3 /var/www/html/vendor/codeigniter4/framework/system/CodeIgniter.php(419): CodeIgniter\CodeIgniter->runController()
#4 /var/www/html/vendor/codeigniter4/framework/system/CodeIgniter.php(326): CodeIgniter\CodeIgniter->handleRequest()
#5 /var/www/html/public/index.php(37): CodeIgniter\CodeIgniter->run()
#6 {main}
CRITICAL - 2022-04-14 05:35:33 --> Cannot use [] for reading
#0 [internal function]: CodeIgniter\Debug\Exceptions->shutdownHandler()
#1 {main}
CRITICAL - 2022-04-14 05:36:24 --> syntax error, unexpected token "public", expecting end of file
#0 /var/www/html/vendor/codeigniter4/framework/system/Autoloader/Autoloader.php(241): CodeIgniter\Autoloader\Autoloader->includeFile()
#1 /var/www/html/vendor/codeigniter4/framework/system/Autoloader/Autoloader.php(219): CodeIgniter\Autoloader\Autoloader->loadInNamespace()
#2 /var/www/html/app/Controllers/UserController.php(11): CodeIgniter\Autoloader\Autoloader->loadClass()
#3 /var/www/html/vendor/codeigniter4/framework/system/CodeIgniter.php(832): App\Controllers\UserController->index()
#4 /var/www/html/vendor/codeigniter4/framework/system/CodeIgniter.php(419): CodeIgniter\CodeIgniter->runController()
#5 /var/www/html/vendor/codeigniter4/framework/system/CodeIgniter.php(326): CodeIgniter\CodeIgniter->handleRequest()
#6 /var/www/html/public/index.php(37): CodeIgniter\CodeIgniter->run()
#7 {main}
CRITICAL - 2022-04-14 05:46:08 --> Undefined array key "hasSublayers"
#0 /var/www/html/app/Libraries/TarotCard.php(36): CodeIgniter\Debug\Exceptions->errorHandler()
#1 /var/www/html/app/Controllers/UserController.php(11): App\Libraries\TarotCard->__construct()
#2 /var/www/html/vendor/codeigniter4/framework/system/CodeIgniter.php(832): App\Controllers\UserController->index()
#3 /var/www/html/vendor/codeigniter4/framework/system/CodeIgniter.php(419): CodeIgniter\CodeIgniter->runController()
#4 /var/www/html/vendor/codeigniter4/framework/system/CodeIgniter.php(326): CodeIgniter\CodeIgniter->handleRequest()
#5 /var/www/html/public/index.php(37): CodeIgniter\CodeIgniter->run()
#6 {main}
CRITICAL - 2022-04-14 06:01:57 --> Undefined array key "Background"
#0 /var/www/html/app/Libraries/TarotCard.php(35): CodeIgniter\Debug\Exceptions->errorHandler()
#1 /var/www/html/app/Controllers/UserController.php(11): App\Libraries\TarotCard->__construct()
#2 /var/www/html/vendor/codeigniter4/framework/system/CodeIgniter.php(832): App\Controllers\UserController->index()
#3 /var/www/html/vendor/codeigniter4/framework/system/CodeIgniter.php(419): CodeIgniter\CodeIgniter->runController()
#4 /var/www/html/vendor/codeigniter4/framework/system/CodeIgniter.php(326): CodeIgniter\CodeIgniter->handleRequest()
#5 /var/www/html/public/index.php(37): CodeIgniter\CodeIgniter->run()
#6 {main}
CRITICAL - 2022-04-14 16:37:10 --> Undefined array key "subLayers"
#0 /var/www/html/app/Libraries/TarotCard.php(48): CodeIgniter\Debug\Exceptions->errorHandler()
#1 /var/www/html/app/Controllers/UserController.php(11): App\Libraries\TarotCard->__construct()
#2 /var/www/html/vendor/codeigniter4/framework/system/CodeIgniter.php(832): App\Controllers\UserController->index()
#3 /var/www/html/vendor/codeigniter4/framework/system/CodeIgniter.php(419): CodeIgniter\CodeIgniter->runController()
#4 /var/www/html/vendor/codeigniter4/framework/system/CodeIgniter.php(326): CodeIgniter\CodeIgniter->handleRequest()
#5 /var/www/html/public/index.php(37): CodeIgniter\CodeIgniter->run()
#6 {main}
CRITICAL - 2022-04-14 17:59:00 --> Unsupported operand types: null + array
#0 /var/www/html/app/Controllers/UserController.php(11): App\Libraries\TarotCard->__construct()
#1 /var/www/html/vendor/codeigniter4/framework/system/CodeIgniter.php(832): App\Controllers\UserController->index()
#2 /var/www/html/vendor/codeigniter4/framework/system/CodeIgniter.php(419): CodeIgniter\CodeIgniter->runController()
#3 /var/www/html/vendor/codeigniter4/framework/system/CodeIgniter.php(326): CodeIgniter\CodeIgniter->handleRequest()
#4 /var/www/html/public/index.php(37): CodeIgniter\CodeIgniter->run()
#5 {main}
CRITICAL - 2022-04-14 18:03:47 --> Undefined array key 0
#0 /var/www/html/app/Libraries/TarotCard.php(62): CodeIgniter\Debug\Exceptions->errorHandler()
#1 /var/www/html/app/Controllers/UserController.php(11): App\Libraries\TarotCard->__construct()
#2 /var/www/html/vendor/codeigniter4/framework/system/CodeIgniter.php(832): App\Controllers\UserController->index()
#3 /var/www/html/vendor/codeigniter4/framework/system/CodeIgniter.php(419): CodeIgniter\CodeIgniter->runController()
#4 /var/www/html/vendor/codeigniter4/framework/system/CodeIgniter.php(326): CodeIgniter\CodeIgniter->handleRequest()
#5 /var/www/html/public/index.php(37): CodeIgniter\CodeIgniter->run()
#6 {main}
